<?xml version="1.0" encoding="UTF-8"?>
<!-- Generated by org.testng.reporters.JUnitReportReporter -->
<testsuite hostname="DESKTOP-VK6INC2" failures="0" tests="1" name="test_cases.Facebook_Test_Case" time="6.873" errors="0" timestamp="2024-06-07T15:13:59 IST" skipped="0">
  <testcase classname="test_cases.Facebook_Test_Case" name="VerifyURLOfApplicationTest" time="6.873"/>
</testsuite> <!-- test_cases.Facebook_Test_Case -->
